<?xml version="1.0" encoding="UTF-8"?>
<!-- Generated by org.testng.reporters.JUnitXMLReporter -->
<testsuite hostname="KhushRang-PC" ignored="0" name="Default test" tests="2" failures="0" timestamp="27 Apr 2020 10:30:57 GMT" time="4.318" errors="0">
  <testcase name="getAutherizationWithInValidphone" time="3.207" classname="com.rupeek.customaerSearch.Tests.GetSingleUsersWithPhoneTest"/>
  <testcase name="getAutherizationWithValidphone" time="1.011" classname="com.rupeek.customaerSearch.Tests.GetSingleUsersWithPhoneTest"/>
</testsuite> <!-- Default test -->
