<?xml version="1.0" encoding="UTF-8"?>
<testng-results skipped="0" failed="0" ignored="0" total="2" passed="2">
  <reporter-output>
  </reporter-output>
  <suite name="Default suite" duration-ms="4318" started-at="2020-04-27T10:30:52Z" finished-at="2020-04-27T10:30:57Z">
    <groups>
    </groups>
    <test name="Default test" duration-ms="4318" started-at="2020-04-27T10:30:52Z" finished-at="2020-04-27T10:30:57Z">
      <class name="com.rupeek.customaerSearch.Tests.GetSingleUsersWithPhoneTest">
        <test-method status="PASS" signature="getAutherizationWithInValidphone()[pri:0, instance:com.rupeek.customaerSearch.Tests.GetSingleUsersWithPhoneTest@c0edeb]" name="getAutherizationWithInValidphone" duration-ms="3207" started-at="2020-04-27T10:30:52Z" finished-at="2020-04-27T10:30:56Z">
          <reporter-output>
          </reporter-output>
        </test-method> <!-- getAutherizationWithInValidphone -->
        <test-method status="PASS" signature="getAutherizationWithValidphone()[pri:0, instance:com.rupeek.customaerSearch.Tests.GetSingleUsersWithPhoneTest@c0edeb]" name="getAutherizationWithValidphone" duration-ms="1011" started-at="2020-04-27T10:30:56Z" finished-at="2020-04-27T10:30:57Z">
          <reporter-output>
          </reporter-output>
        </test-method> <!-- getAutherizationWithValidphone -->
      </class> <!-- com.rupeek.customaerSearch.Tests.GetSingleUsersWithPhoneTest -->
    </test> <!-- Default test -->
  </suite> <!-- Default suite -->
</testng-results>
